Myphone/app/build/outputs/logs/manifest-merger-debug-report.txt
-- Merging decision tree log ---
manifest
ADDED from src\main\AndroidManifest.xml:2:1-28:14
	package
		ADDED from src\main\AndroidManifest.xml:3:5-48
		INJECTED from src\main\AndroidManifest.xml
		INJECTED from src\main\AndroidManifest.xml
	android:versionName
		INJECTED from src\main\AndroidManifest.xml
		INJECTED from src\main\AndroidManifest.xml
	xmlns:android
		ADDED from src\main\AndroidManifest.xml:2:11-69
	android:versionCode
		INJECTED from src\main\AndroidManifest.xml
		INJECTED from src\main\AndroidManifest.xml
application
ADDED from src\main\AndroidManifest.xml:5:5-26:21
MERGED from [com.android.support:appcompat-v7:25.2.0] AndroidManifest.xml:25:5-20
MERGED from [com.android.support:support-v4:25.2.0] AndroidManifest.xml:25:5-20
MERGED from [com.android.support:support-fragment:25.2.0] AndroidManifest.xml:25:5-20
MERGED from [com.android.support:support-media-compat:25.2.0] AndroidManifest.xml:25:5-20
MERGED from [com.android.support:support-core-ui:25.2.0] AndroidManifest.xml:25:5-20
MERGED from [com.android.support:support-core-utils:25.2.0] AndroidManifest.xml:25:5-20
MERGED from [com.android.support:animated-vector-drawable:25.2.0] AndroidManifest.xml:22:5-20
MERGED from [com.android.support:support-vector-drawable:25.2.0] AndroidManifest.xml:23:5-20
MERGED from [com.android.support:support-compat:25.2.0] AndroidManifest.xml:25:5-20
	android:label
		ADDED from src\main\AndroidManifest.xml:8:9-41
	android:supportsRtl
		ADDED from src\main\AndroidManifest.xml:9:9-35
	android:allowBackup
		ADDED from src\main\AndroidManifest.xml:6:9-35
	android:icon
		ADDED from src\main\AndroidManifest.xml:7:9-43
	android:theme
		ADDED from src\main\AndroidManifest.xml:10:9-40
activity#com.example.administrator.myphone.MyActivity
ADDED from src\main\AndroidManifest.xml:18:11-25:22
	android:name
		ADDED from src\main\AndroidManifest.xml:18:21-47
intent-filter#android.intent.action.MAIN+android.intent.category.LAUNCHER
ADDED from src\main\AndroidManifest.xml:20:16-24:33
action#android.intent.action.MAIN
ADDED from src\main\AndroidManifest.xml:21:21-73
	android:name
		ADDED from src\main\AndroidManifest.xml:21:29-70
category#android.intent.category.LAUNCHER
ADDED from src\main\AndroidManifest.xml:23:21-81
	android:name
		ADDED from src\main\AndroidManifest.xml:23:31-78
uses-sdk
INJECTED from src\main\AndroidManifest.xml reason: use-sdk injection requested
MERGED from [com.android.support:appcompat-v7:25.2.0] AndroidManifest.xml:21:5-23:78
MERGED from [com.android.support:support-v4:25.2.0] AndroidManifest.xml:21:5-23:54
MERGED from [com.android.support:support-fragment:25.2.0] AndroidManifest.xml:21:5-23:60
MERGED from [com.android.support:support-media-compat:25.2.0] AndroidManifest.xml:21:5-23:63
MERGED from [com.android.support:support-core-ui:25.2.0] AndroidManifest.xml:21:5-23:58
MERGED from [com.android.support:support-core-utils:25.2.0] AndroidManifest.xml:21:5-23:61
MERGED from [com.android.support:animated-vector-drawable:25.2.0] AndroidManifest.xml:20:5-44
MERGED from [com.android.support:support-vector-drawable:25.2.0] AndroidManifest.xml:21:5-43
MERGED from [com.android.support:support-compat:25.2.0] AndroidManifest.xml:21:5-23:58
	tools:overrideLibrary
		ADDED from [com.android.support:appcompat-v7:25.2.0] AndroidManifest.xml:23:9-75
	android:targetSdkVersion
		INJECTED from src\main\AndroidManifest.xml
		INJECTED from src\main\AndroidManifest.xml
	android:minSdkVersion
		INJECTED from src\main\AndroidManifest.xml
		INJECTED from src\main\AndroidManifest.xml